<?xml version="1.0" encoding="UTF-8"?>
<testng-results ignored="0" total="4" passed="4" failed="0" skipped="0">
  <reporter-output>
  </reporter-output>
  <suite started-at="2021-06-15T20:11:39 IST" name="Default suite" finished-at="2021-06-15T20:11:59 IST" duration-ms="19632">
    <groups>
    </groups>
    <test started-at="2021-06-15T20:11:39 IST" name="Default test" finished-at="2021-06-15T20:11:59 IST" duration-ms="19632">
      <class name="calculator">
        <test-method is-config="true" signature="Setup()[pri:0, instance:calculator@5276e6b0]" started-at="2021-06-15T20:11:39 IST" name="Setup" finished-at="2021-06-15T20:11:43 IST" duration-ms="3989" status="PASS">
          <reporter-output>
          </reporter-output>
        </test-method> <!-- Setup -->
        <test-method signature="test()[pri:0, instance:calculator@5276e6b0]" started-at="2021-06-15T20:11:43 IST" name="test" finished-at="2021-06-15T20:11:43 IST" duration-ms="259" status="PASS">
          <reporter-output>
          </reporter-output>
        </test-method> <!-- test -->
        <test-method is-config="true" signature="Teardown()[pri:0, instance:calculator@5276e6b0]" started-at="2021-06-15T20:11:43 IST" name="Teardown" finished-at="2021-06-15T20:11:44 IST" duration-ms="117" status="PASS">
          <reporter-output>
          </reporter-output>
        </test-method> <!-- Teardown -->
        <test-method is-config="true" signature="Setup()[pri:0, instance:calculator@5276e6b0]" started-at="2021-06-15T20:11:44 IST" name="Setup" finished-at="2021-06-15T20:11:48 IST" duration-ms="4345" status="PASS">
          <reporter-output>
          </reporter-output>
        </test-method> <!-- Setup -->
        <test-method signature="test0()[pri:0, instance:calculator@5276e6b0]" started-at="2021-06-15T20:11:48 IST" name="test0" finished-at="2021-06-15T20:11:48 IST" duration-ms="252" status="PASS">
          <reporter-output>
          </reporter-output>
        </test-method> <!-- test0 -->
        <test-method is-config="true" signature="Teardown()[pri:0, instance:calculator@5276e6b0]" started-at="2021-06-15T20:11:48 IST" name="Teardown" finished-at="2021-06-15T20:11:49 IST" duration-ms="645" status="PASS">
          <reporter-output>
          </reporter-output>
        </test-method> <!-- Teardown -->
        <test-method is-config="true" signature="Setup()[pri:0, instance:calculator@5276e6b0]" started-at="2021-06-15T20:11:49 IST" name="Setup" finished-at="2021-06-15T20:11:53 IST" duration-ms="4356" status="PASS">
          <reporter-output>
          </reporter-output>
        </test-method> <!-- Setup -->
        <test-method signature="test1()[pri:0, instance:calculator@5276e6b0]" started-at="2021-06-15T20:11:53 IST" name="test1" finished-at="2021-06-15T20:11:54 IST" duration-ms="393" status="PASS">
          <reporter-output>
          </reporter-output>
        </test-method> <!-- test1 -->
        <test-method is-config="true" signature="Teardown()[pri:0, instance:calculator@5276e6b0]" started-at="2021-06-15T20:11:54 IST" name="Teardown" finished-at="2021-06-15T20:11:54 IST" duration-ms="85" status="PASS">
          <reporter-output>
          </reporter-output>
        </test-method> <!-- Teardown -->
        <test-method is-config="true" signature="Setup()[pri:0, instance:calculator@5276e6b0]" started-at="2021-06-15T20:11:54 IST" name="Setup" finished-at="2021-06-15T20:11:58 IST" duration-ms="4581" status="PASS">
          <reporter-output>
          </reporter-output>
        </test-method> <!-- Setup -->
        <test-method signature="test2()[pri:0, instance:calculator@5276e6b0]" started-at="2021-06-15T20:11:58 IST" name="test2" finished-at="2021-06-15T20:11:59 IST" duration-ms="465" status="PASS">
          <reporter-output>
          </reporter-output>
        </test-method> <!-- test2 -->
        <test-method is-config="true" signature="Teardown()[pri:0, instance:calculator@5276e6b0]" started-at="2021-06-15T20:11:59 IST" name="Teardown" finished-at="2021-06-15T20:11:59 IST" duration-ms="123" status="PASS">
          <reporter-output>
          </reporter-output>
        </test-method> <!-- Teardown -->
      </class> <!-- calculator -->
    </test> <!-- Default test -->
  </suite> <!-- Default suite -->
</testng-results>
