<?xml version="1.0" encoding="UTF-8"?>
<!-- Generated by org.testng.reporters.JUnitXMLReporter -->
<testsuite ignored="0" hostname="DESKTOP-P10CPDF" failures="0" tests="4" name="Default test" time="19.632" errors="0" timestamp="2021-06-15T20:11:59 IST">
  <testcase classname="calculator" name="test" time="0.259"/>
  <testcase classname="calculator" name="test0" time="0.252"/>
  <testcase classname="calculator" name="test1" time="0.393"/>
  <testcase classname="calculator" name="test2" time="0.465"/>
</testsuite> <!-- Default test -->
